CRITICAL - 2023-05-10 04:12:52 --> Declaration of App\Controllers\Login::validate() must be compatible with CodeIgniter\Controller::validate($rules, array $messages = []): bool
in APPPATH\Controllers\Login.php on line 30.
 1 [internal function]: CodeIgniter\Debug\Exceptions->shutdownHandler()
CRITICAL - 2023-05-10 04:13:01 --> Declaration of App\Controllers\Login::validate() must be compatible with CodeIgniter\Controller::validate($rules, array $messages = []): bool
in APPPATH\Controllers\Login.php on line 30.
 1 [internal function]: CodeIgniter\Debug\Exceptions->shutdownHandler()
CRITICAL - 2023-05-10 04:13:14 --> Declaration of App\Controllers\Login::validate() must be compatible with CodeIgniter\Controller::validate($rules, array $messages = []): bool
in APPPATH\Controllers\Login.php on line 30.
 1 [internal function]: CodeIgniter\Debug\Exceptions->shutdownHandler()
CRITICAL - 2023-05-10 04:15:16 --> Declaration of App\Controllers\Login::validate() must be compatible with CodeIgniter\Controller::validate($rules, array $messages = []): bool
in APPPATH\Controllers\Login.php on line 30.
 1 [internal function]: CodeIgniter\Debug\Exceptions->shutdownHandler()
CRITICAL - 2023-05-10 04:24:51 --> Declaration of App\Controllers\Login::validate() must be compatible with CodeIgniter\Controller::validate($rules, array $messages = []): bool
in APPPATH\Controllers\Login.php on line 30.
 1 [internal function]: CodeIgniter\Debug\Exceptions->shutdownHandler()
CRITICAL - 2023-05-10 04:26:57 --> Declaration of App\Controllers\Login::validate() must be compatible with CodeIgniter\Controller::validate($rules, array $messages = []): bool
in APPPATH\Controllers\Login.php on line 30.
 1 [internal function]: CodeIgniter\Debug\Exceptions->shutdownHandler()
CRITICAL - 2023-05-10 04:29:15 --> Declaration of App\Controllers\Login::validate() must be compatible with CodeIgniter\Controller::validate($rules, array $messages = []): bool
in APPPATH\Controllers\Login.php on line 30.
 1 [internal function]: CodeIgniter\Debug\Exceptions->shutdownHandler()
CRITICAL - 2023-05-10 04:42:38 --> Declaration of App\Controllers\Login::validate() must be compatible with CodeIgniter\Controller::validate($rules, array $messages = []): bool
in APPPATH\Controllers\Login.php on line 30.
 1 [internal function]: CodeIgniter\Debug\Exceptions->shutdownHandler()
CRITICAL - 2023-05-10 04:42:40 --> Declaration of App\Controllers\Login::validate() must be compatible with CodeIgniter\Controller::validate($rules, array $messages = []): bool
in APPPATH\Controllers\Login.php on line 30.
 1 [internal function]: CodeIgniter\Debug\Exceptions->shutdownHandler()
CRITICAL - 2023-05-10 04:42:45 --> Declaration of App\Controllers\Login::validate() must be compatible with CodeIgniter\Controller::validate($rules, array $messages = []): bool
in APPPATH\Controllers\Login.php on line 30.
 1 [internal function]: CodeIgniter\Debug\Exceptions->shutdownHandler()
CRITICAL - 2023-05-10 04:48:02 --> Declaration of App\Controllers\Login::validate() must be compatible with CodeIgniter\Controller::validate($rules, array $messages = []): bool
in APPPATH\Controllers\Login.php on line 30.
 1 [internal function]: CodeIgniter\Debug\Exceptions->shutdownHandler()
CRITICAL - 2023-05-10 04:51:25 --> Declaration of App\Controllers\Login::validate() must be compatible with CodeIgniter\Controller::validate($rules, array $messages = []): bool
in APPPATH\Controllers\Login.php on line 30.
 1 [internal function]: CodeIgniter\Debug\Exceptions->shutdownHandler()
CRITICAL - 2023-05-10 04:51:26 --> Declaration of App\Controllers\Login::validate() must be compatible with CodeIgniter\Controller::validate($rules, array $messages = []): bool
in APPPATH\Controllers\Login.php on line 30.
 1 [internal function]: CodeIgniter\Debug\Exceptions->shutdownHandler()
CRITICAL - 2023-05-10 04:51:29 --> Declaration of App\Controllers\Login::validate() must be compatible with CodeIgniter\Controller::validate($rules, array $messages = []): bool
in APPPATH\Controllers\Login.php on line 30.
 1 [internal function]: CodeIgniter\Debug\Exceptions->shutdownHandler()
CRITICAL - 2023-05-10 04:51:38 --> Declaration of App\Controllers\Login::validate() must be compatible with CodeIgniter\Controller::validate($rules, array $messages = []): bool
in APPPATH\Controllers\Login.php on line 30.
 1 [internal function]: CodeIgniter\Debug\Exceptions->shutdownHandler()
CRITICAL - 2023-05-10 04:55:20 --> Declaration of App\Controllers\Login::validate() must be compatible with CodeIgniter\Controller::validate($rules, array $messages = []): bool
in APPPATH\Controllers\Login.php on line 30.
 1 [internal function]: CodeIgniter\Debug\Exceptions->shutdownHandler()
CRITICAL - 2023-05-10 04:55:32 --> Declaration of App\Controllers\Login::validate() must be compatible with CodeIgniter\Controller::validate($rules, array $messages = []): bool
in APPPATH\Controllers\Login.php on line 30.
 1 [internal function]: CodeIgniter\Debug\Exceptions->shutdownHandler()
CRITICAL - 2023-05-10 05:12:01 --> Declaration of App\Controllers\Login::validate() must be compatible with CodeIgniter\Controller::validate($rules, array $messages = []): bool
in APPPATH\Controllers\Login.php on line 30.
 1 [internal function]: CodeIgniter\Debug\Exceptions->shutdownHandler()
CRITICAL - 2023-05-10 05:12:02 --> Declaration of App\Controllers\Login::validate() must be compatible with CodeIgniter\Controller::validate($rules, array $messages = []): bool
in APPPATH\Controllers\Login.php on line 30.
 1 [internal function]: CodeIgniter\Debug\Exceptions->shutdownHandler()
CRITICAL - 2023-05-10 05:13:55 --> Declaration of App\Controllers\Login::validate() must be compatible with CodeIgniter\Controller::validate($rules, array $messages = []): bool
in APPPATH\Controllers\Login.php on line 30.
 1 [internal function]: CodeIgniter\Debug\Exceptions->shutdownHandler()
CRITICAL - 2023-05-10 05:14:14 --> Declaration of App\Controllers\Login::validate() must be compatible with CodeIgniter\Controller::validate($rules, array $messages = []): bool
in APPPATH\Controllers\Login.php on line 30.
 1 [internal function]: CodeIgniter\Debug\Exceptions->shutdownHandler()
CRITICAL - 2023-05-10 05:17:33 --> Declaration of App\Controllers\Login::validate() must be compatible with CodeIgniter\Controller::validate($rules, array $messages = []): bool
in APPPATH\Controllers\Login.php on line 30.
 1 [internal function]: CodeIgniter\Debug\Exceptions->shutdownHandler()
CRITICAL - 2023-05-10 05:17:34 --> Declaration of App\Controllers\Login::validate() must be compatible with CodeIgniter\Controller::validate($rules, array $messages = []): bool
in APPPATH\Controllers\Login.php on line 30.
 1 [internal function]: CodeIgniter\Debug\Exceptions->shutdownHandler()
CRITICAL - 2023-05-10 05:17:34 --> Declaration of App\Controllers\Login::validate() must be compatible with CodeIgniter\Controller::validate($rules, array $messages = []): bool
in APPPATH\Controllers\Login.php on line 30.
 1 [internal function]: CodeIgniter\Debug\Exceptions->shutdownHandler()
CRITICAL - 2023-05-10 05:17:35 --> Declaration of App\Controllers\Login::validate() must be compatible with CodeIgniter\Controller::validate($rules, array $messages = []): bool
in APPPATH\Controllers\Login.php on line 30.
 1 [internal function]: CodeIgniter\Debug\Exceptions->shutdownHandler()
CRITICAL - 2023-05-10 05:17:35 --> Declaration of App\Controllers\Login::validate() must be compatible with CodeIgniter\Controller::validate($rules, array $messages = []): bool
in APPPATH\Controllers\Login.php on line 30.
 1 [internal function]: CodeIgniter\Debug\Exceptions->shutdownHandler()
CRITICAL - 2023-05-10 05:17:35 --> Declaration of App\Controllers\Login::validate() must be compatible with CodeIgniter\Controller::validate($rules, array $messages = []): bool
in APPPATH\Controllers\Login.php on line 30.
 1 [internal function]: CodeIgniter\Debug\Exceptions->shutdownHandler()
CRITICAL - 2023-05-10 05:17:36 --> Declaration of App\Controllers\Login::validate() must be compatible with CodeIgniter\Controller::validate($rules, array $messages = []): bool
in APPPATH\Controllers\Login.php on line 30.
 1 [internal function]: CodeIgniter\Debug\Exceptions->shutdownHandler()
CRITICAL - 2023-05-10 05:17:36 --> Declaration of App\Controllers\Login::validate() must be compatible with CodeIgniter\Controller::validate($rules, array $messages = []): bool
in APPPATH\Controllers\Login.php on line 30.
 1 [internal function]: CodeIgniter\Debug\Exceptions->shutdownHandler()
CRITICAL - 2023-05-10 05:17:36 --> Declaration of App\Controllers\Login::validate() must be compatible with CodeIgniter\Controller::validate($rules, array $messages = []): bool
in APPPATH\Controllers\Login.php on line 30.
 1 [internal function]: CodeIgniter\Debug\Exceptions->shutdownHandler()
CRITICAL - 2023-05-10 05:17:36 --> Declaration of App\Controllers\Login::validate() must be compatible with CodeIgniter\Controller::validate($rules, array $messages = []): bool
in APPPATH\Controllers\Login.php on line 30.
 1 [internal function]: CodeIgniter\Debug\Exceptions->shutdownHandler()
CRITICAL - 2023-05-10 05:17:37 --> Declaration of App\Controllers\Login::validate() must be compatible with CodeIgniter\Controller::validate($rules, array $messages = []): bool
in APPPATH\Controllers\Login.php on line 30.
 1 [internal function]: CodeIgniter\Debug\Exceptions->shutdownHandler()
CRITICAL - 2023-05-10 05:17:38 --> Declaration of App\Controllers\Login::validate() must be compatible with CodeIgniter\Controller::validate($rules, array $messages = []): bool
in APPPATH\Controllers\Login.php on line 30.
 1 [internal function]: CodeIgniter\Debug\Exceptions->shutdownHandler()
CRITICAL - 2023-05-10 05:17:38 --> Declaration of App\Controllers\Login::validate() must be compatible with CodeIgniter\Controller::validate($rules, array $messages = []): bool
in APPPATH\Controllers\Login.php on line 30.
 1 [internal function]: CodeIgniter\Debug\Exceptions->shutdownHandler()
CRITICAL - 2023-05-10 05:17:38 --> Declaration of App\Controllers\Login::validate() must be compatible with CodeIgniter\Controller::validate($rules, array $messages = []): bool
in APPPATH\Controllers\Login.php on line 30.
 1 [internal function]: CodeIgniter\Debug\Exceptions->shutdownHandler()
CRITICAL - 2023-05-10 05:17:39 --> Declaration of App\Controllers\Login::validate() must be compatible with CodeIgniter\Controller::validate($rules, array $messages = []): bool
in APPPATH\Controllers\Login.php on line 30.
 1 [internal function]: CodeIgniter\Debug\Exceptions->shutdownHandler()
CRITICAL - 2023-05-10 05:17:39 --> Declaration of App\Controllers\Login::validate() must be compatible with CodeIgniter\Controller::validate($rules, array $messages = []): bool
in APPPATH\Controllers\Login.php on line 30.
 1 [internal function]: CodeIgniter\Debug\Exceptions->shutdownHandler()
CRITICAL - 2023-05-10 05:17:39 --> Declaration of App\Controllers\Login::validate() must be compatible with CodeIgniter\Controller::validate($rules, array $messages = []): bool
in APPPATH\Controllers\Login.php on line 30.
 1 [internal function]: CodeIgniter\Debug\Exceptions->shutdownHandler()
CRITICAL - 2023-05-10 05:17:40 --> Declaration of App\Controllers\Login::validate() must be compatible with CodeIgniter\Controller::validate($rules, array $messages = []): bool
in APPPATH\Controllers\Login.php on line 30.
 1 [internal function]: CodeIgniter\Debug\Exceptions->shutdownHandler()
CRITICAL - 2023-05-10 05:17:40 --> Declaration of App\Controllers\Login::validate() must be compatible with CodeIgniter\Controller::validate($rules, array $messages = []): bool
in APPPATH\Controllers\Login.php on line 30.
 1 [internal function]: CodeIgniter\Debug\Exceptions->shutdownHandler()
CRITICAL - 2023-05-10 05:17:40 --> Declaration of App\Controllers\Login::validate() must be compatible with CodeIgniter\Controller::validate($rules, array $messages = []): bool
in APPPATH\Controllers\Login.php on line 30.
 1 [internal function]: CodeIgniter\Debug\Exceptions->shutdownHandler()
CRITICAL - 2023-05-10 05:57:30 --> Declaration of App\Controllers\productoController::validate() must be compatible with CodeIgniter\Controller::validate($rules, array $messages = []): bool
in APPPATH\Controllers\productoController.php on line 133.
 1 [internal function]: CodeIgniter\Debug\Exceptions->shutdownHandler()
CRITICAL - 2023-05-10 05:58:41 --> Declaration of App\Controllers\Login::validate() must be compatible with CodeIgniter\Controller::validate($rules, array $messages = []): bool
in APPPATH\Controllers\Login.php on line 31.
 1 [internal function]: CodeIgniter\Debug\Exceptions->shutdownHandler()
CRITICAL - 2023-05-10 05:59:50 --> Declaration of App\Controllers\Login::validate() must be compatible with CodeIgniter\Controller::validate($rules, array $messages = []): bool
in APPPATH\Controllers\Login.php on line 31.
 1 [internal function]: CodeIgniter\Debug\Exceptions->shutdownHandler()
CRITICAL - 2023-05-10 06:02:03 --> Declaration of App\Controllers\Login::validate() must be compatible with CodeIgniter\Controller::validate($rules, array $messages = []): bool
in APPPATH\Controllers\Login.php on line 31.
 1 [internal function]: CodeIgniter\Debug\Exceptions->shutdownHandler()
CRITICAL - 2023-05-10 06:08:55 --> Declaration of App\Controllers\Login::validate() must be compatible with CodeIgniter\Controller::validate($rules, array $messages = []): bool
in APPPATH\Controllers\Login.php on line 21.
 1 [internal function]: CodeIgniter\Debug\Exceptions->shutdownHandler()
CRITICAL - 2023-05-10 06:14:24 --> Declaration of App\Controllers\Login::validate() must be compatible with CodeIgniter\Controller::validate($rules, array $messages = []): bool
in APPPATH\Controllers\Login.php on line 16.
 1 [internal function]: CodeIgniter\Debug\Exceptions->shutdownHandler()
CRITICAL - 2023-05-10 06:24:55 --> Declaration of App\Controllers\Login::validate() must be compatible with CodeIgniter\Controller::validate($rules, array $messages = []): bool
in APPPATH\Controllers\Login.php on line 16.
 1 [internal function]: CodeIgniter\Debug\Exceptions->shutdownHandler()
CRITICAL - 2023-05-10 06:25:05 --> Declaration of App\Controllers\Login::validate() must be compatible with CodeIgniter\Controller::validate($rules, array $messages = []): bool
in APPPATH\Controllers\Login.php on line 16.
 1 [internal function]: CodeIgniter\Debug\Exceptions->shutdownHandler()
CRITICAL - 2023-05-10 06:29:42 --> Declaration of App\Controllers\Login::validate() must be compatible with CodeIgniter\Controller::validate($rules, array $messages = []): bool
in APPPATH\Controllers\Login.php on line 16.
 1 [internal function]: CodeIgniter\Debug\Exceptions->shutdownHandler()
CRITICAL - 2023-05-10 06:30:59 --> Undefined property: App\Controllers\Login::$load
in APPPATH\Controllers\Login.php on line 22.
 1 APPPATH\Controllers\Login.php(22): CodeIgniter\Debug\Exceptions->errorHandler(2, 'Undefined property: App\\Controllers\\Login::$load', 'APPPATH\\Controllers\\Login.php', 22)
 2 SYSTEMPATH\CodeIgniter.php(934): App\Controllers\Login->valida()
 3 SYSTEMPATH\CodeIgniter.php(499): CodeIgniter\CodeIgniter->runController(Object(App\Controllers\Login))
 4 SYSTEMPATH\CodeIgniter.php(368): CodeIgniter\CodeIgniter->handleRequest(null, Object(Config\Cache), false)
 5 FCPATH\index.php(67): CodeIgniter\CodeIgniter->run()
