CRITICAL - 2023-03-14 22:41:11 --> Class 'App\Models\productoModel' not found
in APPPATH\Controllers\productoController.php on line 9.
 1 SYSTEMPATH\CodeIgniter.php(906): App\Controllers\productoController->__construct()
 2 SYSTEMPATH\CodeIgniter.php(490): CodeIgniter\CodeIgniter->createController()
 3 SYSTEMPATH\CodeIgniter.php(368): CodeIgniter\CodeIgniter->handleRequest(null, Object(Config\Cache), false)
 4 FCPATH\index.php(67): CodeIgniter\CodeIgniter->run()
CRITICAL - 2023-03-14 22:42:49 --> Class 'App\Models\productoModel' not found
in APPPATH\Controllers\productoController.php on line 9.
 1 SYSTEMPATH\CodeIgniter.php(906): App\Controllers\productoController->__construct()
 2 SYSTEMPATH\CodeIgniter.php(490): CodeIgniter\CodeIgniter->createController()
 3 SYSTEMPATH\CodeIgniter.php(368): CodeIgniter\CodeIgniter->handleRequest(null, Object(Config\Cache), false)
 4 FCPATH\index.php(67): CodeIgniter\CodeIgniter->run()
CRITICAL - 2023-03-14 22:48:46 --> Class 'App\Models\productoModel' not found
in APPPATH\Controllers\productoController.php on line 9.
 1 SYSTEMPATH\CodeIgniter.php(906): App\Controllers\productoController->__construct()
 2 SYSTEMPATH\CodeIgniter.php(490): CodeIgniter\CodeIgniter->createController()
 3 SYSTEMPATH\CodeIgniter.php(368): CodeIgniter\CodeIgniter->handleRequest(null, Object(Config\Cache), false)
 4 FCPATH\index.php(67): CodeIgniter\CodeIgniter->run()
ERROR - 2023-03-14 22:51:11 --> Error connecting to the database: mysqli_sql_exception: No se puede establecer una conexión ya que el equipo de destino denegó expresamente dicha conexión.
 in C:\xampp\htdocs\Proyecto\system\Database\MySQLi\Connection.php:174
Stack trace:
#0 C:\xampp\htdocs\Proyecto\system\Database\MySQLi\Connection.php(174): mysqli->real_connect('localhost', 'root', '', 'repaso', 3306, '', 0)
#1 C:\xampp\htdocs\Proyecto\system\Database\BaseConnection.php(391): CodeIgniter\Database\MySQLi\Connection->connect(false)
#2 C:\xampp\htdocs\Proyecto\system\Database\BaseConnection.php(573): CodeIgniter\Database\BaseConnection->initialize()
#3 C:\xampp\htdocs\Proyecto\system\Database\BaseBuilder.php(1616): CodeIgniter\Database\BaseConnection->query('SELECT *\nFROM `...', Array, false)
#4 C:\xampp\htdocs\Proyecto\system\Model.php(241): CodeIgniter\Database\BaseBuilder->get()
#5 C:\xampp\htdocs\Proyecto\system\BaseModel.php(618): CodeIgniter\Model->doFindAll(0, 0)
#6 C:\xampp\htdocs\Proyecto\app\Controllers\productoController.php(12): CodeIgniter\BaseModel->findAll()
#7 C:\xampp\htdocs\Proyecto\system\CodeIgniter.php(934): App\Controllers\productoController->index()
#8 C:\xampp\htdocs\Proyecto\system\CodeIgniter.php(499): CodeIgniter\CodeIgniter->runController(Object(App\Controllers\productoController))
#9 C:\xampp\htdocs\Proyecto\system\CodeIgniter.php(368): CodeIgniter\CodeIgniter->handleRequest(NULL, Object(Config\Cache), false)
#10 C:\xampp\htdocs\Proyecto\index.php(67): CodeIgniter\CodeIgniter->run()
#11 {main}

Next CodeIgniter\Database\Exceptions\DatabaseException: No se puede establecer una conexión ya que el equipo de destino denegó expresamente dicha conexión.
 in C:\xampp\htdocs\Proyecto\system\Database\MySQLi\Connection.php:218
Stack trace:
#0 C:\xampp\htdocs\Proyecto\system\Database\BaseConnection.php(391): CodeIgniter\Database\MySQLi\Connection->connect(false)
#1 C:\xampp\htdocs\Proyecto\system\Database\BaseConnection.php(573): CodeIgniter\Database\BaseConnection->initialize()
#2 C:\xampp\htdocs\Proyecto\system\Database\BaseBuilder.php(1616): CodeIgniter\Database\BaseConnection->query('SELECT *\nFROM `...', Array, false)
#3 C:\xampp\htdocs\Proyecto\system\Model.php(241): CodeIgniter\Database\BaseBuilder->get()
#4 C:\xampp\htdocs\Proyecto\system\BaseModel.php(618): CodeIgniter\Model->doFindAll(0, 0)
#5 C:\xampp\htdocs\Proyecto\app\Controllers\productoController.php(12): CodeIgniter\BaseModel->findAll()
#6 C:\xampp\htdocs\Proyecto\system\CodeIgniter.php(934): App\Controllers\productoController->index()
#7 C:\xampp\htdocs\Proyecto\system\CodeIgniter.php(499): CodeIgniter\CodeIgniter->runController(Object(App\Controllers\productoController))
#8 C:\xampp\htdocs\Proyecto\system\CodeIgniter.php(368): CodeIgniter\CodeIgniter->handleRequest(NULL, Object(Config\Cache), false)
#9 C:\xampp\htdocs\Proyecto\index.php(67): CodeIgniter\CodeIgniter->run()
#10 {main}
CRITICAL - 2023-03-14 22:51:11 --> Unable to connect to the database.
Main connection [MySQLi]: No se puede establecer una conexión ya que el equipo de destino denegó expresamente dicha conexión.

in SYSTEMPATH\Database\BaseConnection.php on line 427.
 1 SYSTEMPATH\Database\BaseConnection.php(573): CodeIgniter\Database\BaseConnection->initialize()
 2 SYSTEMPATH\Database\BaseBuilder.php(1616): CodeIgniter\Database\BaseConnection->query('SELECT *
FROM `productos`', [], false)
 3 SYSTEMPATH\Model.php(241): CodeIgniter\Database\BaseBuilder->get()
 4 SYSTEMPATH\BaseModel.php(618): CodeIgniter\Model->doFindAll(0, 0)
 5 APPPATH\Controllers\productoController.php(12): CodeIgniter\BaseModel->findAll()
 6 SYSTEMPATH\CodeIgniter.php(934): App\Controllers\productoController->index()
 7 SYSTEMPATH\CodeIgniter.php(499): CodeIgniter\CodeIgniter->runController(Object(App\Controllers\productoController))
 8 SYSTEMPATH\CodeIgniter.php(368): CodeIgniter\CodeIgniter->handleRequest(null, Object(Config\Cache), false)
 9 FCPATH\index.php(67): CodeIgniter\CodeIgniter->run()
ERROR - 2023-03-14 22:54:28 --> Error connecting to the database: mysqli_sql_exception: Unknown database 'repaso' in C:\xampp\htdocs\Proyecto\system\Database\MySQLi\Connection.php:174
Stack trace:
#0 C:\xampp\htdocs\Proyecto\system\Database\MySQLi\Connection.php(174): mysqli->real_connect('localhost', 'root', '', 'repaso', 3306, '', 0)
#1 C:\xampp\htdocs\Proyecto\system\Database\BaseConnection.php(391): CodeIgniter\Database\MySQLi\Connection->connect(false)
#2 C:\xampp\htdocs\Proyecto\system\Database\BaseConnection.php(573): CodeIgniter\Database\BaseConnection->initialize()
#3 C:\xampp\htdocs\Proyecto\system\Database\BaseBuilder.php(1616): CodeIgniter\Database\BaseConnection->query('SELECT *\nFROM `...', Array, false)
#4 C:\xampp\htdocs\Proyecto\system\Model.php(241): CodeIgniter\Database\BaseBuilder->get()
#5 C:\xampp\htdocs\Proyecto\system\BaseModel.php(618): CodeIgniter\Model->doFindAll(0, 0)
#6 C:\xampp\htdocs\Proyecto\app\Controllers\productoController.php(12): CodeIgniter\BaseModel->findAll()
#7 C:\xampp\htdocs\Proyecto\system\CodeIgniter.php(934): App\Controllers\productoController->index()
#8 C:\xampp\htdocs\Proyecto\system\CodeIgniter.php(499): CodeIgniter\CodeIgniter->runController(Object(App\Controllers\productoController))
#9 C:\xampp\htdocs\Proyecto\system\CodeIgniter.php(368): CodeIgniter\CodeIgniter->handleRequest(NULL, Object(Config\Cache), false)
#10 C:\xampp\htdocs\Proyecto\index.php(67): CodeIgniter\CodeIgniter->run()
#11 {main}

Next CodeIgniter\Database\Exceptions\DatabaseException: Unknown database 'repaso' in C:\xampp\htdocs\Proyecto\system\Database\MySQLi\Connection.php:218
Stack trace:
#0 C:\xampp\htdocs\Proyecto\system\Database\BaseConnection.php(391): CodeIgniter\Database\MySQLi\Connection->connect(false)
#1 C:\xampp\htdocs\Proyecto\system\Database\BaseConnection.php(573): CodeIgniter\Database\BaseConnection->initialize()
#2 C:\xampp\htdocs\Proyecto\system\Database\BaseBuilder.php(1616): CodeIgniter\Database\BaseConnection->query('SELECT *\nFROM `...', Array, false)
#3 C:\xampp\htdocs\Proyecto\system\Model.php(241): CodeIgniter\Database\BaseBuilder->get()
#4 C:\xampp\htdocs\Proyecto\system\BaseModel.php(618): CodeIgniter\Model->doFindAll(0, 0)
#5 C:\xampp\htdocs\Proyecto\app\Controllers\productoController.php(12): CodeIgniter\BaseModel->findAll()
#6 C:\xampp\htdocs\Proyecto\system\CodeIgniter.php(934): App\Controllers\productoController->index()
#7 C:\xampp\htdocs\Proyecto\system\CodeIgniter.php(499): CodeIgniter\CodeIgniter->runController(Object(App\Controllers\productoController))
#8 C:\xampp\htdocs\Proyecto\system\CodeIgniter.php(368): CodeIgniter\CodeIgniter->handleRequest(NULL, Object(Config\Cache), false)
#9 C:\xampp\htdocs\Proyecto\index.php(67): CodeIgniter\CodeIgniter->run()
#10 {main}
CRITICAL - 2023-03-14 22:54:28 --> Unable to connect to the database.
Main connection [MySQLi]: Unknown database 'repaso'
in SYSTEMPATH\Database\BaseConnection.php on line 427.
 1 SYSTEMPATH\Database\BaseConnection.php(573): CodeIgniter\Database\BaseConnection->initialize()
 2 SYSTEMPATH\Database\BaseBuilder.php(1616): CodeIgniter\Database\BaseConnection->query('SELECT *
FROM `productos`', [], false)
 3 SYSTEMPATH\Model.php(241): CodeIgniter\Database\BaseBuilder->get()
 4 SYSTEMPATH\BaseModel.php(618): CodeIgniter\Model->doFindAll(0, 0)
 5 APPPATH\Controllers\productoController.php(12): CodeIgniter\BaseModel->findAll()
 6 SYSTEMPATH\CodeIgniter.php(934): App\Controllers\productoController->index()
 7 SYSTEMPATH\CodeIgniter.php(499): CodeIgniter\CodeIgniter->runController(Object(App\Controllers\productoController))
 8 SYSTEMPATH\CodeIgniter.php(368): CodeIgniter\CodeIgniter->handleRequest(null, Object(Config\Cache), false)
 9 FCPATH\index.php(67): CodeIgniter\CodeIgniter->run()
ERROR - 2023-03-14 22:54:31 --> Error connecting to the database: mysqli_sql_exception: Unknown database 'repaso' in C:\xampp\htdocs\Proyecto\system\Database\MySQLi\Connection.php:174
Stack trace:
#0 C:\xampp\htdocs\Proyecto\system\Database\MySQLi\Connection.php(174): mysqli->real_connect('localhost', 'root', '', 'repaso', 3306, '', 0)
#1 C:\xampp\htdocs\Proyecto\system\Database\BaseConnection.php(391): CodeIgniter\Database\MySQLi\Connection->connect(false)
#2 C:\xampp\htdocs\Proyecto\system\Database\BaseConnection.php(573): CodeIgniter\Database\BaseConnection->initialize()
#3 C:\xampp\htdocs\Proyecto\system\Database\BaseBuilder.php(1616): CodeIgniter\Database\BaseConnection->query('SELECT *\nFROM `...', Array, false)
#4 C:\xampp\htdocs\Proyecto\system\Model.php(241): CodeIgniter\Database\BaseBuilder->get()
#5 C:\xampp\htdocs\Proyecto\system\BaseModel.php(618): CodeIgniter\Model->doFindAll(0, 0)
#6 C:\xampp\htdocs\Proyecto\app\Controllers\productoController.php(12): CodeIgniter\BaseModel->findAll()
#7 C:\xampp\htdocs\Proyecto\system\CodeIgniter.php(934): App\Controllers\productoController->index()
#8 C:\xampp\htdocs\Proyecto\system\CodeIgniter.php(499): CodeIgniter\CodeIgniter->runController(Object(App\Controllers\productoController))
#9 C:\xampp\htdocs\Proyecto\system\CodeIgniter.php(368): CodeIgniter\CodeIgniter->handleRequest(NULL, Object(Config\Cache), false)
#10 C:\xampp\htdocs\Proyecto\index.php(67): CodeIgniter\CodeIgniter->run()
#11 {main}

Next CodeIgniter\Database\Exceptions\DatabaseException: Unknown database 'repaso' in C:\xampp\htdocs\Proyecto\system\Database\MySQLi\Connection.php:218
Stack trace:
#0 C:\xampp\htdocs\Proyecto\system\Database\BaseConnection.php(391): CodeIgniter\Database\MySQLi\Connection->connect(false)
#1 C:\xampp\htdocs\Proyecto\system\Database\BaseConnection.php(573): CodeIgniter\Database\BaseConnection->initialize()
#2 C:\xampp\htdocs\Proyecto\system\Database\BaseBuilder.php(1616): CodeIgniter\Database\BaseConnection->query('SELECT *\nFROM `...', Array, false)
#3 C:\xampp\htdocs\Proyecto\system\Model.php(241): CodeIgniter\Database\BaseBuilder->get()
#4 C:\xampp\htdocs\Proyecto\system\BaseModel.php(618): CodeIgniter\Model->doFindAll(0, 0)
#5 C:\xampp\htdocs\Proyecto\app\Controllers\productoController.php(12): CodeIgniter\BaseModel->findAll()
#6 C:\xampp\htdocs\Proyecto\system\CodeIgniter.php(934): App\Controllers\productoController->index()
#7 C:\xampp\htdocs\Proyecto\system\CodeIgniter.php(499): CodeIgniter\CodeIgniter->runController(Object(App\Controllers\productoController))
#8 C:\xampp\htdocs\Proyecto\system\CodeIgniter.php(368): CodeIgniter\CodeIgniter->handleRequest(NULL, Object(Config\Cache), false)
#9 C:\xampp\htdocs\Proyecto\index.php(67): CodeIgniter\CodeIgniter->run()
#10 {main}
CRITICAL - 2023-03-14 22:54:31 --> Unable to connect to the database.
Main connection [MySQLi]: Unknown database 'repaso'
in SYSTEMPATH\Database\BaseConnection.php on line 427.
 1 SYSTEMPATH\Database\BaseConnection.php(573): CodeIgniter\Database\BaseConnection->initialize()
 2 SYSTEMPATH\Database\BaseBuilder.php(1616): CodeIgniter\Database\BaseConnection->query('SELECT *
FROM `productos`', [], false)
 3 SYSTEMPATH\Model.php(241): CodeIgniter\Database\BaseBuilder->get()
 4 SYSTEMPATH\BaseModel.php(618): CodeIgniter\Model->doFindAll(0, 0)
 5 APPPATH\Controllers\productoController.php(12): CodeIgniter\BaseModel->findAll()
 6 SYSTEMPATH\CodeIgniter.php(934): App\Controllers\productoController->index()
 7 SYSTEMPATH\CodeIgniter.php(499): CodeIgniter\CodeIgniter->runController(Object(App\Controllers\productoController))
 8 SYSTEMPATH\CodeIgniter.php(368): CodeIgniter\CodeIgniter->handleRequest(null, Object(Config\Cache), false)
 9 FCPATH\index.php(67): CodeIgniter\CodeIgniter->run()
